<?xml version="1.0" encoding="UTF-8"?>
<!-- Generated by org.testng.reporters.JUnitReportReporter -->
<testsuite hostname="DESKTOP-5DJG0VO" failures="0" tests="1" name="practice.contactTest" time="12.232" errors="0" timestamp="2023-12-18T11:05:50 IST" skipped="0">
  <testcase classname="practice.contactTest" name="test1" time="12.232"/>
  <system-out/>
</testsuite> <!-- practice.contactTest -->
